<?xml version="1.0" encoding="UTF-8"?><testsuite errors="1" failures="0" name="Prueba de operaciones de ciclo y subir archivo" skipped="0" tests="1" time="31.42" timestamp="2024-09-18 11:04:11"><testcase name="Editar un ciclo de tiempo"><error message="no such element: Unable to locate element: {&quot;method&quot;:&quot;xpath&quot;,&quot;selector&quot;:&quot;/html/body/div[3]/div/div[2]/aside/div[2]/div/section/div/ul/li[13]/a/span&quot;}&#10;  (Session info: chrome=128.0.6613.138)&#10;For documentation on this error, please visit: https://www.seleniumhq.org/exceptions/no_such_element.html&#10;Build info: version: '3.141.59', revision: 'e82be7d358', time: '2018-11-14T08:17:03'&#10;System info: host: 'PE-HO-ACH-018', ip: '192.168.247.243', os.name: 'Windows 10', os.arch: 'amd64', os.version: '10.0', java.version: '17.0.10'&#10;Driver info: org.openqa.selenium.chrome.ChromeDriver&#10;Capabilities {acceptInsecureCerts: false, browserName: chrome, browserVersion: 128.0.6613.138, chrome: {chromedriverVersion: 128.0.6613.137 (fe621c5aa2d..., userDataDir: C:\Users\SERGIO~1\AppData\L...}, fedcm:accounts: true, goog:chromeOptions: {debuggerAddress: localhost:58852}, javascriptEnabled: true, networkConnectionEnabled: false, pageLoadStrategy: normal, platform: WINDOWS, platformName: WINDOWS, proxy: Proxy(), setWindowRect: true, strictFileInteractability: false, timeouts: {implicit: 0, pageLoad: 300000, script: 30000}, unhandledPromptBehavior: dismiss and notify, webauthn:extension:credBlob: true, webauthn:extension:largeBlob: true, webauthn:extension:minPinLength: true, webauthn:extension:prf: true, webauthn:virtualAuthenticators: true}&#10;Session ID: 7994091225d18b79d1084c55d9647dd9&#10;*** Element info: {Using=xpath, value=/html/body/div[3]/div/div[2]/aside/div[2]/div/section/div/ul/li[13]/a/span}&#10;For documentation on this error, please visit: https://www.seleniumhq.org/exceptions/no_such_element.html&#10;Build info: version: '3.141.59', revision: 'e82be7d358', time: '2018-11-14T08:17:03'&#10;System info: host: 'PE-HO-ACH-018', ip: '192.168.247.243', os.name: 'Windows 10', os.arch: 'amd64', os.version: '10.0', java.version: '17.0.10'&#10;Driver info: driver.version: unknown" type="org.openqa.selenium.NoSuchElementException">no such element: Unable to locate element: {"method":"xpath","selector":"/html/body/div[3]/div/div[2]/aside/div[2]/div/section/div/ul/li[13]/a/span"}
  (Session info: chrome=128.0.6613.138)
For documentation on this error, please visit: https://www.seleniumhq.org/exceptions/no_such_element.html
Build info: version: '3.141.59', revision: 'e82be7d358', time: '2018-11-14T08:17:03'
System info: host: 'PE-HO-ACH-018', ip: '192.168.247.243', os.name: 'Windows 10', os.arch: 'amd64', os.version: '10.0', java.version: '17.0.10'
Driver info: org.openqa.selenium.chrome.ChromeDriver
Capabilities {acceptInsecureCerts: false, browserName: chrome, browserVersion: 128.0.6613.138, chrome: {chromedriverVersion: 128.0.6613.137 (fe621c5aa2d..., userDataDir: C:\Users\SERGIO~1\AppData\L...}, fedcm:accounts: true, goog:chromeOptions: {debuggerAddress: localhost:58852}, javascriptEnabled: true, networkConnectionEnabled: false, pageLoadStrategy: normal, platform: WINDOWS, platformName: WINDOWS, proxy: Proxy(), setWindowRect: true, strictFileInteractability: false, timeouts: {implicit: 0, pageLoad: 300000, script: 30000}, unhandledPromptBehavior: dismiss and notify, webauthn:extension:credBlob: true, webauthn:extension:largeBlob: true, webauthn:extension:minPinLength: true, webauthn:extension:prf: true, webauthn:virtualAuthenticators: true}
Session ID: 7994091225d18b79d1084c55d9647dd9
*** Element info: {Using=xpath, value=/html/body/div[3]/div/div[2]/aside/div[2]/div/section/div/ul/li[13]/a/span}
For documentation on this error, please visit: https://www.seleniumhq.org/exceptions/no_such_element.html
Build info: version: '3.141.59', revision: 'e82be7d358', time: '2018-11-14T08:17:03'
System info: host: 'PE-HO-ACH-018', ip: '192.168.247.243', os.name: 'Windows 10', os.arch: 'amd64', os.version: '10.0', java.version: '17.0.10'
Driver info: driver.version: unknown</error><system-err>no such element: Unable to locate element: {"method":"xpath","selector":"/html/body/div[3]/div/div[2]/aside/div[2]/div/section/div/ul/li[13]/a/span"}
  (Session info: chrome=128.0.6613.138)
For documentation on this error, please visit: https://www.seleniumhq.org/exceptions/no_such_element.html
Build info: version: '3.141.59', revision: 'e82be7d358', time: '2018-11-14T08:17:03'
System info: host: 'PE-HO-ACH-018', ip: '192.168.247.243', os.name: 'Windows 10', os.arch: 'amd64', os.version: '10.0', java.version: '17.0.10'
Driver info: org.openqa.selenium.chrome.ChromeDriver
Capabilities {acceptInsecureCerts: false, browserName: chrome, browserVersion: 128.0.6613.138, chrome: {chromedriverVersion: 128.0.6613.137 (fe621c5aa2d..., userDataDir: C:\Users\SERGIO~1\AppData\L...}, fedcm:accounts: true, goog:chromeOptions: {debuggerAddress: localhost:58852}, javascriptEnabled: true, networkConnectionEnabled: false, pageLoadStrategy: normal, platform: WINDOWS, platformName: WINDOWS, proxy: Proxy(), setWindowRect: true, strictFileInteractability: false, timeouts: {implicit: 0, pageLoad: 300000, script: 30000}, unhandledPromptBehavior: dismiss and notify, webauthn:extension:credBlob: true, webauthn:extension:largeBlob: true, webauthn:extension:minPinLength: true, webauthn:extension:prf: true, webauthn:virtualAuthenticators: true}
Session ID: 7994091225d18b79d1084c55d9647dd9
*** Element info: {Using=xpath, value=/html/body/div[3]/div/div[2]/aside/div[2]/div/section/div/ul/li[13]/a/span}
For documentation on this error, please visit: https://www.seleniumhq.org/exceptions/no_such_element.html
Build info: version: '3.141.59', revision: 'e82be7d358', time: '2018-11-14T08:17:03'
System info: host: 'PE-HO-ACH-018', ip: '192.168.247.243', os.name: 'Windows 10', os.arch: 'amd64', os.version: '10.0', java.version: '17.0.10'
Driver info: driver.version: unknown&#13;
com.integra.ach.steps.IntegraMenuPrincipalStep.clickCatalogo(IntegraMenuPrincipalStep.java:36)&#13;
com.integra.ach.stepDefinitions.EditarUnCicloStepDefinition.ingresarACicloDeTiempoYEditoLaInformacionDelCiclohoraMas5Minutos(EditarUnCicloStepDefinition.java:31)&#13;
✽.Ingresar a ciclo de tiempo y edito la informacion del ciclo horaMas5Minutos "1"(src/test/resources/com.integra.ach.features/SubirArchivo.feature:7)&#13;
</system-err></testcase></testsuite>